mobileClinic/build/outputs/logs/manifest-merger-debug-report.txt
-- Merging decision tree log ---
manifest
ADDED from src\main\AndroidManifest.xml:2:1-286:12
INJECTED from src\main\AndroidManifest.xml:2:1-286:12
INJECTED from src\main\AndroidManifest.xml:2:1-286:12
INJECTED from src\main\AndroidManifest.xml:2:1-286:12
MERGED from [:sliding_menu_library] AndroidManifest.xml:2:1-11:12
INJECTED from src\main\AndroidManifest.xml:2:1-286:12
INJECTED from src\main\AndroidManifest.xml:2:1-286:12
INJECTED from src\main\AndroidManifest.xml:2:1-286:12
	package
		ADDED from src\main\AndroidManifest.xml:3:5-52
		INJECTED from src\main\AndroidManifest.xml
		INJECTED from src\main\AndroidManifest.xml
	android:versionName
		ADDED from src\main\AndroidManifest.xml:5:5-30
		INJECTED from src\main\AndroidManifest.xml
		INJECTED from src\main\AndroidManifest.xml
	xmlns:android
		ADDED from src\main\AndroidManifest.xml:2:11-69
	android:versionCode
		ADDED from src\main\AndroidManifest.xml:4:5-28
		INJECTED from src\main\AndroidManifest.xml
		INJECTED from src\main\AndroidManifest.xml
uses-permission#android.permission.WRITE_EXTERNAL_STORAGE
ADDED from src\main\AndroidManifest.xml:6:5-80
	android:name
		ADDED from src\main\AndroidManifest.xml:6:22-78
application
ADDED from src\main\AndroidManifest.xml:8:5-284:19
	android:label
		ADDED from src\main\AndroidManifest.xml:11:9-41
	android:icon
		ADDED from src\main\AndroidManifest.xml:10:9-46
	android:name
		ADDED from src\main\AndroidManifest.xml:9:9-26
activity#ir.uncode.course.app.ilness_diagnosis.AttentionActivity
ADDED from src\main\AndroidManifest.xml:12:9-19:20
	android:label
		ADDED from src\main\AndroidManifest.xml:14:13-45
	android:name
		ADDED from src\main\AndroidManifest.xml:13:13-46
intent-filter#action:name:android.intent.action.MAIN+category:name:android.intent.category.LAUNCHER
ADDED from src\main\AndroidManifest.xml:15:13-18:29
action#android.intent.action.MAIN
ADDED from src\main\AndroidManifest.xml:16:17-69
	android:name
		ADDED from src\main\AndroidManifest.xml:16:25-66
category#android.intent.category.LAUNCHER
ADDED from src\main\AndroidManifest.xml:17:17-77
	android:name
		ADDED from src\main\AndroidManifest.xml:17:27-74
activity#ir.uncode.course.app.ilness_diagnosis.ActivityStartup
ADDED from src\main\AndroidManifest.xml:20:12-24:20
	android:screenOrientation
		ADDED from src\main\AndroidManifest.xml:23:13-49
	android:label
		ADDED from src\main\AndroidManifest.xml:22:13-45
	android:name
		ADDED from src\main\AndroidManifest.xml:21:13-44
activity#ir.uncode.course.app.ilness_diagnosis.MenuActivity
ADDED from src\main\AndroidManifest.xml:25:10-30:20
	android:screenOrientation
		ADDED from src\main\AndroidManifest.xml:28:13-49
	android:label
		ADDED from src\main\AndroidManifest.xml:27:13-45
	android:name
		ADDED from src\main\AndroidManifest.xml:26:13-41
activity#ir.uncode.course.app.ilness_diagnosis.EmergencyActivity
ADDED from src\main\AndroidManifest.xml:31:12-36:20
	android:screenOrientation
		ADDED from src\main\AndroidManifest.xml:34:13-49
	android:label
		ADDED from src\main\AndroidManifest.xml:33:13-45
	android:name
		ADDED from src\main\AndroidManifest.xml:32:13-46
activity#ir.uncode.course.app.ilness_diagnosis.E_ChestHurtActivity
ADDED from src\main\AndroidManifest.xml:37:16-42:20
	android:screenOrientation
		ADDED from src\main\AndroidManifest.xml:40:13-49
	android:label
		ADDED from src\main\AndroidManifest.xml:39:13-45
	android:name
		ADDED from src\main\AndroidManifest.xml:38:13-48
activity#ir.uncode.course.app.ilness_diagnosis.E_BurningActivity
ADDED from src\main\AndroidManifest.xml:43:16-48:20
	android:screenOrientation
		ADDED from src\main\AndroidManifest.xml:46:13-49
	android:label
		ADDED from src\main\AndroidManifest.xml:45:13-45
	android:name
		ADDED from src\main\AndroidManifest.xml:44:13-46
activity#ir.uncode.course.app.ilness_diagnosis.EE_Electric_BurnActivity
ADDED from src\main\AndroidManifest.xml:49:24-54:20
	android:screenOrientation
		ADDED from src\main\AndroidManifest.xml:52:13-49
	android:label
		ADDED from src\main\AndroidManifest.xml:51:13-45
	android:name
		ADDED from src\main\AndroidManifest.xml:50:13-53
activity#ir.uncode.course.app.ilness_diagnosis.EE_Thermal_BurnActivity
ADDED from src\main\AndroidManifest.xml:55:24-60:20
	android:screenOrientation
		ADDED from src\main\AndroidManifest.xml:58:13-49
	android:label
		ADDED from src\main\AndroidManifest.xml:57:13-45
	android:name
		ADDED from src\main\AndroidManifest.xml:56:13-52
activity#ir.uncode.course.app.ilness_diagnosis.EE_Chemical_BurnActivity
ADDED from src\main\AndroidManifest.xml:61:24-66:20
	android:screenOrientation
		ADDED from src\main\AndroidManifest.xml:64:13-49
	android:label
		ADDED from src\main\AndroidManifest.xml:63:13-45
	android:name
		ADDED from src\main\AndroidManifest.xml:62:13-53
activity#ir.uncode.course.app.ilness_diagnosis.E_BasicSupportActivity
ADDED from src\main\AndroidManifest.xml:67:16-72:20
	android:screenOrientation
		ADDED from src\main\AndroidManifest.xml:70:13-49
	android:label
		ADDED from src\main\AndroidManifest.xml:69:13-45
	android:name
		ADDED from src\main\AndroidManifest.xml:68:13-51
activity#ir.uncode.course.app.ilness_diagnosis.EE_Critical_SupportActivity
ADDED from src\main\AndroidManifest.xml:73:16-78:20
	android:screenOrientation
		ADDED from src\main\AndroidManifest.xml:76:13-49
	android:label
		ADDED from src\main\AndroidManifest.xml:75:13-45
	android:name
		ADDED from src\main\AndroidManifest.xml:74:13-56
activity#ir.uncode.course.app.ilness_diagnosis.EE_Critical_MarkActivity
ADDED from src\main\AndroidManifest.xml:79:22-84:20
	android:screenOrientation
		ADDED from src\main\AndroidManifest.xml:82:13-49
	android:label
		ADDED from src\main\AndroidManifest.xml:81:13-45
	android:name
		ADDED from src\main\AndroidManifest.xml:80:13-53
activity#ir.uncode.course.app.ilness_diagnosis.EE_Child_BreathActivity
ADDED from src\main\AndroidManifest.xml:85:17-90:20
	android:screenOrientation
		ADDED from src\main\AndroidManifest.xml:88:13-49
	android:label
		ADDED from src\main\AndroidManifest.xml:87:13-45
	android:name
		ADDED from src\main\AndroidManifest.xml:86:13-52
activity#ir.uncode.course.app.ilness_diagnosis.EE_Adult_BreathActivity
ADDED from src\main\AndroidManifest.xml:91:17-96:20
	android:screenOrientation
		ADDED from src\main\AndroidManifest.xml:94:13-49
	android:label
		ADDED from src\main\AndroidManifest.xml:93:13-45
	android:name
		ADDED from src\main\AndroidManifest.xml:92:13-52
activity#ir.uncode.course.app.ilness_diagnosis.E_PoisoningActivity
ADDED from src\main\AndroidManifest.xml:97:16-102:20
	android:screenOrientation
		ADDED from src\main\AndroidManifest.xml:100:13-49
	android:label
		ADDED from src\main\AndroidManifest.xml:99:13-45
	android:name
		ADDED from src\main\AndroidManifest.xml:98:13-48
activity#ir.uncode.course.app.ilness_diagnosis.E_HeatstrokeActivity
ADDED from src\main\AndroidManifest.xml:103:17-108:20
	android:screenOrientation
		ADDED from src\main\AndroidManifest.xml:106:13-49
	android:label
		ADDED from src\main\AndroidManifest.xml:105:13-45
	android:name
		ADDED from src\main\AndroidManifest.xml:104:13-49
activity#ir.uncode.course.app.ilness_diagnosis.E_HeadHurtActivity
ADDED from src\main\AndroidManifest.xml:110:16-115:20
	android:screenOrientation
		ADDED from src\main\AndroidManifest.xml:113:13-49
	android:label
		ADDED from src\main\AndroidManifest.xml:112:13-45
	android:name
		ADDED from src\main\AndroidManifest.xml:111:13-47
activity#ir.uncode.course.app.ilness_diagnosis.TextActivity
ADDED from src\main\AndroidManifest.xml:116:16-121:20
	android:screenOrientation
		ADDED from src\main\AndroidManifest.xml:119:13-49
	android:label
		ADDED from src\main\AndroidManifest.xml:118:13-45
	android:name
		ADDED from src\main\AndroidManifest.xml:117:13-41
activity#ir.uncode.course.app.ilness_diagnosis.TextActivity1
ADDED from src\main\AndroidManifest.xml:122:16-127:20
	android:screenOrientation
		ADDED from src\main\AndroidManifest.xml:125:13-49
	android:label
		ADDED from src\main\AndroidManifest.xml:124:13-45
	android:name
		ADDED from src\main\AndroidManifest.xml:123:13-42
activity#ir.uncode.course.app.ilness_diagnosis.E_FrostbiteActivity
ADDED from src\main\AndroidManifest.xml:128:16-133:20
	android:screenOrientation
		ADDED from src\main\AndroidManifest.xml:131:13-49
	android:label
		ADDED from src\main\AndroidManifest.xml:130:13-45
	android:name
		ADDED from src\main\AndroidManifest.xml:129:13-48
activity#ir.uncode.course.app.ilness_diagnosis.DiagnosisActivity
ADDED from src\main\AndroidManifest.xml:134:10-139:20
	android:screenOrientation
		ADDED from src\main\AndroidManifest.xml:137:13-49
	android:label
		ADDED from src\main\AndroidManifest.xml:136:13-45
	android:name
		ADDED from src\main\AndroidManifest.xml:135:13-46
activity#ir.uncode.course.app.ilness_diagnosis.AboutActivity
ADDED from src\main\AndroidManifest.xml:140:13-145:20
	android:screenOrientation
		ADDED from src\main\AndroidManifest.xml:143:13-49
	android:label
		ADDED from src\main\AndroidManifest.xml:142:13-45
	android:name
		ADDED from src\main\AndroidManifest.xml:141:13-42
activity#ir.uncode.course.app.ilness_diagnosis.D_BodyPartActivity
ADDED from src\main\AndroidManifest.xml:146:11-151:20
	android:screenOrientation
		ADDED from src\main\AndroidManifest.xml:149:13-49
	android:label
		ADDED from src\main\AndroidManifest.xml:148:13-45
	android:name
		ADDED from src\main\AndroidManifest.xml:147:13-47
activity#ir.uncode.course.app.ilness_diagnosis.D_SkinActivity
ADDED from src\main\AndroidManifest.xml:152:11-157:20
	android:screenOrientation
		ADDED from src\main\AndroidManifest.xml:155:13-49
	android:label
		ADDED from src\main\AndroidManifest.xml:154:13-45
	android:name
		ADDED from src\main\AndroidManifest.xml:153:13-43
activity#ir.uncode.course.app.ilness_diagnosis.D_EarActivity
ADDED from src\main\AndroidManifest.xml:158:10-164:20
	android:screenOrientation
		ADDED from src\main\AndroidManifest.xml:161:13-49
	android:label
		ADDED from src\main\AndroidManifest.xml:160:13-45
	android:name
		ADDED from src\main\AndroidManifest.xml:159:13-42
activity#ir.uncode.course.app.ilness_diagnosis.D_AnswerActivity
ADDED from src\main\AndroidManifest.xml:165:10-172:20
	android:screenOrientation
		ADDED from src\main\AndroidManifest.xml:169:13-49
	android:label
		ADDED from src\main\AndroidManifest.xml:168:13-45
	android:name
		ADDED from src\main\AndroidManifest.xml:167:13-45
activity#ir.uncode.course.app.ilness_diagnosis.D_Eye1Activity
ADDED from src\main\AndroidManifest.xml:173:10-179:20
	android:screenOrientation
		ADDED from src\main\AndroidManifest.xml:176:13-49
	android:label
		ADDED from src\main\AndroidManifest.xml:175:13-45
	android:name
		ADDED from src\main\AndroidManifest.xml:174:13-43
activity#ir.uncode.course.app.ilness_diagnosis.D_Eye2Activity
ADDED from src\main\AndroidManifest.xml:180:10-186:20
	android:screenOrientation
		ADDED from src\main\AndroidManifest.xml:183:13-49
	android:label
		ADDED from src\main\AndroidManifest.xml:182:13-45
	android:name
		ADDED from src\main\AndroidManifest.xml:181:13-43
activity#ir.uncode.course.app.ilness_diagnosis.D_Eye3Activity
ADDED from src\main\AndroidManifest.xml:187:10-193:20
	android:screenOrientation
		ADDED from src\main\AndroidManifest.xml:190:13-49
	android:label
		ADDED from src\main\AndroidManifest.xml:189:13-45
	android:name
		ADDED from src\main\AndroidManifest.xml:188:13-43
activity#ir.uncode.course.app.ilness_diagnosis.D_SexualActivity
ADDED from src\main\AndroidManifest.xml:194:10-200:20
	android:screenOrientation
		ADDED from src\main\AndroidManifest.xml:197:13-49
	android:label
		ADDED from src\main\AndroidManifest.xml:196:13-45
	android:name
		ADDED from src\main\AndroidManifest.xml:195:13-45
activity#ir.uncode.course.app.ilness_diagnosis.D_FaceActivity
ADDED from src\main\AndroidManifest.xml:201:10-207:20
	android:screenOrientation
		ADDED from src\main\AndroidManifest.xml:204:13-49
	android:label
		ADDED from src\main\AndroidManifest.xml:203:13-45
	android:name
		ADDED from src\main\AndroidManifest.xml:202:13-43
activity#ir.uncode.course.app.ilness_diagnosis.D_MouthActivity
ADDED from src\main\AndroidManifest.xml:208:10-213:20
	android:screenOrientation
		ADDED from src\main\AndroidManifest.xml:211:13-49
	android:label
		ADDED from src\main\AndroidManifest.xml:210:13-45
	android:name
		ADDED from src\main\AndroidManifest.xml:209:13-44
activity#ir.uncode.course.app.ilness_diagnosis.D_AbdomenActivity
ADDED from src\main\AndroidManifest.xml:214:10-220:20
	android:screenOrientation
		ADDED from src\main\AndroidManifest.xml:217:13-49
	android:label
		ADDED from src\main\AndroidManifest.xml:216:13-45
	android:name
		ADDED from src\main\AndroidManifest.xml:215:13-46
activity#ir.uncode.course.app.ilness_diagnosis.D_Abdomen1Activity
ADDED from src\main\AndroidManifest.xml:221:10-227:20
	android:screenOrientation
		ADDED from src\main\AndroidManifest.xml:224:13-49
	android:label
		ADDED from src\main\AndroidManifest.xml:223:13-45
	android:name
		ADDED from src\main\AndroidManifest.xml:222:13-47
activity#ir.uncode.course.app.ilness_diagnosis.D_Abdomen2Activity
ADDED from src\main\AndroidManifest.xml:228:10-234:20
	android:screenOrientation
		ADDED from src\main\AndroidManifest.xml:231:13-49
	android:label
		ADDED from src\main\AndroidManifest.xml:230:13-45
	android:name
		ADDED from src\main\AndroidManifest.xml:229:13-47
activity#ir.uncode.course.app.ilness_diagnosis.D_Abdomen3Activity
ADDED from src\main\AndroidManifest.xml:235:10-241:20
	android:screenOrientation
		ADDED from src\main\AndroidManifest.xml:238:13-49
	android:label
		ADDED from src\main\AndroidManifest.xml:237:13-45
	android:name
		ADDED from src\main\AndroidManifest.xml:236:13-47
activity#ir.uncode.course.app.ilness_diagnosis.DataBaseHelper
ADDED from src\main\AndroidManifest.xml:242:13-248:20
	android:screenOrientation
		ADDED from src\main\AndroidManifest.xml:245:13-49
	android:label
		ADDED from src\main\AndroidManifest.xml:244:13-45
	android:name
		ADDED from src\main\AndroidManifest.xml:243:13-43
activity#ir.uncode.course.app.ilness_diagnosis.E_AtelBandiActivity
ADDED from src\main\AndroidManifest.xml:249:13-255:20
	android:screenOrientation
		ADDED from src\main\AndroidManifest.xml:252:13-49
	android:label
		ADDED from src\main\AndroidManifest.xml:251:13-45
	android:name
		ADDED from src\main\AndroidManifest.xml:250:13-48
activity#ir.uncode.course.app.ilness_diagnosis.E_BimariActivity
ADDED from src\main\AndroidManifest.xml:256:13-262:20
	android:screenOrientation
		ADDED from src\main\AndroidManifest.xml:259:13-49
	android:label
		ADDED from src\main\AndroidManifest.xml:258:13-45
	android:name
		ADDED from src\main\AndroidManifest.xml:257:13-45
activity#ir.uncode.course.app.ilness_diagnosis.D_HandActivity
ADDED from src\main\AndroidManifest.xml:263:21-269:20
	android:screenOrientation
		ADDED from src\main\AndroidManifest.xml:266:13-49
	android:label
		ADDED from src\main\AndroidManifest.xml:265:13-45
	android:name
		ADDED from src\main\AndroidManifest.xml:264:13-43
activity#ir.uncode.course.app.ilness_diagnosis.D_LegActivity
ADDED from src\main\AndroidManifest.xml:270:37-276:20
	android:screenOrientation
		ADDED from src\main\AndroidManifest.xml:273:13-49
	android:label
		ADDED from src\main\AndroidManifest.xml:272:13-45
	android:name
		ADDED from src\main\AndroidManifest.xml:271:13-42
activity#ir.uncode.course.app.ilness_diagnosis.D_BiniActivity
ADDED from src\main\AndroidManifest.xml:277:29-283:20
	android:screenOrientation
		ADDED from src\main\AndroidManifest.xml:280:13-49
	android:label
		ADDED from src\main\AndroidManifest.xml:279:13-45
	android:name
		ADDED from src\main\AndroidManifest.xml:278:13-43
uses-sdk
INJECTED from src\main\AndroidManifest.xml reason: use-sdk injection requested
INJECTED from src\main\AndroidManifest.xml
INJECTED from src\main\AndroidManifest.xml
MERGED from [:sliding_menu_library] AndroidManifest.xml:7:5-9:41
MERGED from [:sliding_menu_library] AndroidManifest.xml:7:5-9:41
INJECTED from src\main\AndroidManifest.xml
INJECTED from src\main\AndroidManifest.xml
	android:targetSdkVersion
		INJECTED from src\main\AndroidManifest.xml
		ADDED from src\main\AndroidManifest.xml
		INJECTED from src\main\AndroidManifest.xml
	android:minSdkVersion
		INJECTED from src\main\AndroidManifest.xml
		ADDED from src\main\AndroidManifest.xml
		INJECTED from src\main\AndroidManifest.xml